This is pdfTeX, Version 3.1415926-2.3-1.40.12 (MiKTeX 2.9) (preloaded format=pdflatex 2017.3.8)  24 DEC 2018 20:22
entering extended mode
**E:/00-Paper3/paper3/paper3.tex
(E:/00-Paper3/paper3/paper3.tex
LaTeX2e <2011/06/27>
Babel <v3.8m> and hyphenation patterns for loaded.
(E:\00-Paper3\paper3\IEEEtran.cls
Document Class: IEEEtran 2015/08/26 V1.8b by Michael Shell
-- See the "IEEEtran_HOWTO" manual for usage information.
-- http://www.michaelshell.org/tex/ieeetran/
\@IEEEtrantmpdimenA=\dimen102
\@IEEEtrantmpdimenB=\dimen103
\@IEEEtrantmpdimenC=\dimen104
\@IEEEtrantmpcountA=\count79
\@IEEEtrantmpcountB=\count80
\@IEEEtrantmpcountC=\count81
\@IEEEtrantmptoksA=\toks14
LaTeX Font Info:    Try loading font information for OT1+ptm on input line 503.

(C:\CTEX\MiKTeX\tex\latex\psnfss\ot1ptm.fd
File: ot1ptm.fd 2001/06/04 font definitions for OT1/ptm.
)
-- Using 8.5in x 11in (letter) paper.
-- Using PDF output.
\@IEEEnormalsizeunitybaselineskip=\dimen105
-- This is a 10 point document.
\CLASSINFOnormalsizebaselineskip=\dimen106
\CLASSINFOnormalsizeunitybaselineskip=\dimen107
\IEEEnormaljot=\dimen108
LaTeX Font Info:    Font shape `OT1/ptm/bx/n' in size <5> not available
(Font)              Font shape `OT1/ptm/b/n' tried instead on input line 1090.
LaTeX Font Info:    Font shape `OT1/ptm/bx/it' in size <5> not available
(Font)              Font shape `OT1/ptm/b/it' tried instead on input line 1090.

LaTeX Font Info:    Font shape `OT1/ptm/bx/n' in size <7> not available
(Font)              Font shape `OT1/ptm/b/n' tried instead on input line 1090.
LaTeX Font Info:    Font shape `OT1/ptm/bx/it' in size <7> not available
(Font)              Font shape `OT1/ptm/b/it' tried instead on input line 1090.

LaTeX Font Info:    Font shape `OT1/ptm/bx/n' in size <8> not available
(Font)              Font shape `OT1/ptm/b/n' tried instead on input line 1090.
LaTeX Font Info:    Font shape `OT1/ptm/bx/it' in size <8> not available
(Font)              Font shape `OT1/ptm/b/it' tried instead on input line 1090.

LaTeX Font Info:    Font shape `OT1/ptm/bx/n' in size <9> not available
(Font)              Font shape `OT1/ptm/b/n' tried instead on input line 1090.
LaTeX Font Info:    Font shape `OT1/ptm/bx/it' in size <9> not available
(Font)              Font shape `OT1/ptm/b/it' tried instead on input line 1090.

LaTeX Font Info:    Font shape `OT1/ptm/bx/n' in size <10> not available
(Font)              Font shape `OT1/ptm/b/n' tried instead on input line 1090.
LaTeX Font Info:    Font shape `OT1/ptm/bx/it' in size <10> not available
(Font)              Font shape `OT1/ptm/b/it' tried instead on input line 1090.

LaTeX Font Info:    Font shape `OT1/ptm/bx/n' in size <11> not available
(Font)              Font shape `OT1/ptm/b/n' tried instead on input line 1090.
LaTeX Font Info:    Font shape `OT1/ptm/bx/it' in size <11> not available
(Font)              Font shape `OT1/ptm/b/it' tried instead on input line 1090.

LaTeX Font Info:    Font shape `OT1/ptm/bx/n' in size <12> not available
(Font)              Font shape `OT1/ptm/b/n' tried instead on input line 1090.
LaTeX Font Info:    Font shape `OT1/ptm/bx/it' in size <12> not available
(Font)              Font shape `OT1/ptm/b/it' tried instead on input line 1090.

LaTeX Font Info:    Font shape `OT1/ptm/bx/n' in size <17> not available
(Font)              Font shape `OT1/ptm/b/n' tried instead on input line 1090.
LaTeX Font Info:    Font shape `OT1/ptm/bx/it' in size <17> not available
(Font)              Font shape `OT1/ptm/b/it' tried instead on input line 1090.

LaTeX Font Info:    Font shape `OT1/ptm/bx/n' in size <20> not available
(Font)              Font shape `OT1/ptm/b/n' tried instead on input line 1090.
LaTeX Font Info:    Font shape `OT1/ptm/bx/it' in size <20> not available
(Font)              Font shape `OT1/ptm/b/it' tried instead on input line 1090.

LaTeX Font Info:    Font shape `OT1/ptm/bx/n' in size <24> not available
(Font)              Font shape `OT1/ptm/b/n' tried instead on input line 1090.
LaTeX Font Info:    Font shape `OT1/ptm/bx/it' in size <24> not available
(Font)              Font shape `OT1/ptm/b/it' tried instead on input line 1090.

\IEEEquantizedlength=\dimen109
\IEEEquantizedlengthdiff=\dimen110
\IEEEquantizedtextheightdiff=\dimen111
\IEEEilabelindentA=\dimen112
\IEEEilabelindentB=\dimen113
\IEEEilabelindent=\dimen114
\IEEEelabelindent=\dimen115
\IEEEdlabelindent=\dimen116
\IEEElabelindent=\dimen117
\IEEEiednormlabelsep=\dimen118
\IEEEiedmathlabelsep=\dimen119
\IEEEiedtopsep=\skip41
\c@section=\count82
\c@subsection=\count83
\c@subsubsection=\count84
\c@paragraph=\count85
\c@IEEEsubequation=\count86
\abovecaptionskip=\skip42
\belowcaptionskip=\skip43
\c@figure=\count87
\c@table=\count88
\@IEEEeqnnumcols=\count89
\@IEEEeqncolcnt=\count90
\@IEEEsubeqnnumrollback=\count91
\@IEEEquantizeheightA=\dimen120
\@IEEEquantizeheightB=\dimen121
\@IEEEquantizeheightC=\dimen122
\@IEEEquantizeprevdepth=\dimen123
\@IEEEquantizemultiple=\count92
\@IEEEquantizeboxA=\box26
\@IEEEtmpitemindent=\dimen124
\IEEEPARstartletwidth=\dimen125
\c@IEEEbiography=\count93
\@IEEEtranrubishbin=\box27
) (C:\CTEX\MiKTeX\tex\latex\cite\cite.sty
LaTeX Info: Redefining \cite on input line 302.
LaTeX Info: Redefining \nocite on input line 373.
Package: cite 2010/09/10  v 5.3
)
(C:\CTEX\MiKTeX\tex\latex\ams\math\amsmath.sty
Package: amsmath 2000/07/18 v2.13 AMS math features
\@mathmargin=\skip44

For additional information on amsmath, use the `?' option.
(C:\CTEX\MiKTeX\tex\latex\ams\math\amstext.sty
Package: amstext 2000/06/29 v2.01

(C:\CTEX\MiKTeX\tex\latex\ams\math\amsgen.sty
File: amsgen.sty 1999/11/30 v2.0
\@emptytoks=\toks15
\ex@=\dimen126
))
(C:\CTEX\MiKTeX\tex\latex\ams\math\amsbsy.sty
Package: amsbsy 1999/11/29 v1.2d
\pmbraise@=\dimen127
)
(C:\CTEX\MiKTeX\tex\latex\ams\math\amsopn.sty
Package: amsopn 1999/12/14 v2.01 operator names
)
\inf@bad=\count94
LaTeX Info: Redefining \frac on input line 211.
\uproot@=\count95
\leftroot@=\count96
LaTeX Info: Redefining \overline on input line 307.
\classnum@=\count97
\DOTSCASE@=\count98
LaTeX Info: Redefining \ldots on input line 379.
LaTeX Info: Redefining \dots on input line 382.
LaTeX Info: Redefining \cdots on input line 467.
\Mathstrutbox@=\box28
\strutbox@=\box29
\big@size=\dimen128
LaTeX Font Info:    Redeclaring font encoding OML on input line 567.
LaTeX Font Info:    Redeclaring font encoding OMS on input line 568.
\macc@depth=\count99
\c@MaxMatrixCols=\count100
\dotsspace@=\muskip10
\c@parentequation=\count101
\dspbrk@lvl=\count102
\tag@help=\toks16
\row@=\count103
\column@=\count104
\maxfields@=\count105
\andhelp@=\toks17
\eqnshift@=\dimen129
\alignsep@=\dimen130
\tagshift@=\dimen131
\tagwidth@=\dimen132
\totwidth@=\dimen133
\lineht@=\dimen134
\@envbody=\toks18
\multlinegap=\skip45
\multlinetaggap=\skip46
\mathdisplay@stack=\toks19
LaTeX Info: Redefining \[ on input line 2666.
LaTeX Info: Redefining \] on input line 2667.
)
(C:\CTEX\MiKTeX\tex\latex\amsfonts\amssymb.sty
Package: amssymb 2009/06/22 v3.00

(C:\CTEX\MiKTeX\tex\latex\amsfonts\amsfonts.sty
Package: amsfonts 2009/06/22 v3.00 Basic AMSFonts support
\symAMSa=\mathgroup4
\symAMSb=\mathgroup5
LaTeX Font Info:    Overwriting math alphabet `\mathfrak' in version `bold'
(Font)                  U/euf/m/n --> U/euf/b/n on input line 96.
))
(C:\CTEX\MiKTeX\tex\latex\algorithms\algorithm.sty
Package: algorithm 2009/08/24 v0.1 Document Style `algorithm' - floating enviro
nment

(C:\CTEX\MiKTeX\tex\latex\float\float.sty
Package: float 2001/11/08 v1.3d Float enhancements (AL)
\c@float@type=\count106
\float@exts=\toks20
\float@box=\box30
\@float@everytoks=\toks21
\@floatcapt=\box31
)
(C:\CTEX\MiKTeX\tex\latex\base\ifthen.sty
Package: ifthen 2001/05/26 v1.1c Standard LaTeX ifthen package (DPC)
)
\@float@every@algorithm=\toks22
\c@algorithm=\count107
)
(C:\CTEX\MiKTeX\tex\latex\algorithms\algorithmic.sty
Package: algorithmic 2009/08/24 v0.1 Document Style `algorithmic'

(C:\CTEX\MiKTeX\tex\latex\graphics\keyval.sty
Package: keyval 1999/03/16 v1.13 key=value parser (DPC)
\KV@toks@=\toks23
)
\c@ALC@unique=\count108
\c@ALC@line=\count109
\c@ALC@rem=\count110
\c@ALC@depth=\count111
\ALC@tlm=\skip47
\algorithmicindent=\skip48
)
(C:\CTEX\MiKTeX\tex\latex\graphics\graphicx.sty
Package: graphicx 1999/02/16 v1.0f Enhanced LaTeX Graphics (DPC,SPQR)

(C:\CTEX\MiKTeX\tex\latex\graphics\graphics.sty
Package: graphics 2009/02/05 v1.0o Standard LaTeX Graphics (DPC,SPQR)

(C:\CTEX\MiKTeX\tex\latex\graphics\trig.sty
Package: trig 1999/03/16 v1.09 sin cos tan (DPC)
)
(C:\CTEX\MiKTeX\tex\latex\00miktex\graphics.cfg
File: graphics.cfg 2007/01/18 v1.5 graphics configuration of teTeX/TeXLive
)
Package graphics Info: Driver file: pdftex.def on input line 91.

(C:\CTEX\MiKTeX\tex\latex\pdftex-def\pdftex.def
File: pdftex.def 2011/05/27 v0.06d Graphics/color for pdfTeX

(C:\CTEX\MiKTeX\tex\generic\oberdiek\infwarerr.sty
Package: infwarerr 2010/04/08 v1.3 Providing info/warning/message (HO)
)
(C:\CTEX\MiKTeX\tex\generic\oberdiek\ltxcmds.sty
Package: ltxcmds 2011/04/18 v1.20 LaTeX kernel commands for general use (HO)
)
\Gread@gobject=\count112
))
\Gin@req@height=\dimen135
\Gin@req@width=\dimen136
)
(C:\CTEX\MiKTeX\tex\latex\booktabs\booktabs.sty
Package: booktabs 2005/04/14 v1.61803 publication quality tables
\heavyrulewidth=\dimen137
\lightrulewidth=\dimen138
\cmidrulewidth=\dimen139
\belowrulesep=\dimen140
\belowbottomsep=\dimen141
\aboverulesep=\dimen142
\abovetopsep=\dimen143
\cmidrulesep=\dimen144
\cmidrulekern=\dimen145
\defaultaddspace=\dimen146
\@cmidla=\count113
\@cmidlb=\count114
\@aboverulesep=\dimen147
\@belowrulesep=\dimen148
\@thisruleclass=\count115
\@lastruleclass=\count116
\@thisrulewidth=\dimen149
)
(C:\CTEX\MiKTeX\tex\latex\base\textcomp.sty
Package: textcomp 2005/09/27 v1.99g Standard LaTeX package
Package textcomp Info: Sub-encoding information:
(textcomp)               5 = only ISO-Adobe without \textcurrency
(textcomp)               4 = 5 + \texteuro
(textcomp)               3 = 4 + \textohm
(textcomp)               2 = 3 + \textestimated + \textcurrency
(textcomp)               1 = TS1 - \textcircled - \t
(textcomp)               0 = TS1 (full)
(textcomp)             Font families with sub-encoding setting implement
(textcomp)             only a restricted character set as indicated.
(textcomp)             Family '?' is the default used for unknown fonts.
(textcomp)             See the documentation for details.
Package textcomp Info: Setting ? sub-encoding to TS1/1 on input line 71.

(C:\CTEX\MiKTeX\tex\latex\base\ts1enc.def
File: ts1enc.def 2001/06/05 v3.0e (jk/car/fm) Standard LaTeX file
)
LaTeX Info: Redefining \oldstylenums on input line 266.
Package textcomp Info: Setting cmr sub-encoding to TS1/0 on input line 281.
Package textcomp Info: Setting cmss sub-encoding to TS1/0 on input line 282.
Package textcomp Info: Setting cmtt sub-encoding to TS1/0 on input line 283.
Package textcomp Info: Setting cmvtt sub-encoding to TS1/0 on input line 284.
Package textcomp Info: Setting cmbr sub-encoding to TS1/0 on input line 285.
Package textcomp Info: Setting cmtl sub-encoding to TS1/0 on input line 286.
Package textcomp Info: Setting ccr sub-encoding to TS1/0 on input line 287.
Package textcomp Info: Setting ptm sub-encoding to TS1/4 on input line 288.
Package textcomp Info: Setting pcr sub-encoding to TS1/4 on input line 289.
Package textcomp Info: Setting phv sub-encoding to TS1/4 on input line 290.
Package textcomp Info: Setting ppl sub-encoding to TS1/3 on input line 291.
Package textcomp Info: Setting pag sub-encoding to TS1/4 on input line 292.
Package textcomp Info: Setting pbk sub-encoding to TS1/4 on input line 293.
Package textcomp Info: Setting pnc sub-encoding to TS1/4 on input line 294.
Package textcomp Info: Setting pzc sub-encoding to TS1/4 on input line 295.
Package textcomp Info: Setting bch sub-encoding to TS1/4 on input line 296.
Package textcomp Info: Setting put sub-encoding to TS1/5 on input line 297.
Package textcomp Info: Setting uag sub-encoding to TS1/5 on input line 298.
Package textcomp Info: Setting ugq sub-encoding to TS1/5 on input line 299.
Package textcomp Info: Setting ul8 sub-encoding to TS1/4 on input line 300.
Package textcomp Info: Setting ul9 sub-encoding to TS1/4 on input line 301.
Package textcomp Info: Setting augie sub-encoding to TS1/5 on input line 302.
Package textcomp Info: Setting dayrom sub-encoding to TS1/3 on input line 303.
Package textcomp Info: Setting dayroms sub-encoding to TS1/3 on input line 304.

Package textcomp Info: Setting pxr sub-encoding to TS1/0 on input line 305.
Package textcomp Info: Setting pxss sub-encoding to TS1/0 on input line 306.
Package textcomp Info: Setting pxtt sub-encoding to TS1/0 on input line 307.
Package textcomp Info: Setting txr sub-encoding to TS1/0 on input line 308.
Package textcomp Info: Setting txss sub-encoding to TS1/0 on input line 309.
Package textcomp Info: Setting txtt sub-encoding to TS1/0 on input line 310.
Package textcomp Info: Setting lmr sub-encoding to TS1/0 on input line 311.
Package textcomp Info: Setting lmdh sub-encoding to TS1/0 on input line 312.
Package textcomp Info: Setting lmss sub-encoding to TS1/0 on input line 313.
Package textcomp Info: Setting lmssq sub-encoding to TS1/0 on input line 314.
Package textcomp Info: Setting lmvtt sub-encoding to TS1/0 on input line 315.
Package textcomp Info: Setting qhv sub-encoding to TS1/0 on input line 316.
Package textcomp Info: Setting qag sub-encoding to TS1/0 on input line 317.
Package textcomp Info: Setting qbk sub-encoding to TS1/0 on input line 318.
Package textcomp Info: Setting qcr sub-encoding to TS1/0 on input line 319.
Package textcomp Info: Setting qcs sub-encoding to TS1/0 on input line 320.
Package textcomp Info: Setting qpl sub-encoding to TS1/0 on input line 321.
Package textcomp Info: Setting qtm sub-encoding to TS1/0 on input line 322.
Package textcomp Info: Setting qzc sub-encoding to TS1/0 on input line 323.
Package textcomp Info: Setting qhvc sub-encoding to TS1/0 on input line 324.
Package textcomp Info: Setting futs sub-encoding to TS1/4 on input line 325.
Package textcomp Info: Setting futx sub-encoding to TS1/4 on input line 326.
Package textcomp Info: Setting futj sub-encoding to TS1/4 on input line 327.
Package textcomp Info: Setting hlh sub-encoding to TS1/3 on input line 328.
Package textcomp Info: Setting hls sub-encoding to TS1/3 on input line 329.
Package textcomp Info: Setting hlst sub-encoding to TS1/3 on input line 330.
Package textcomp Info: Setting hlct sub-encoding to TS1/5 on input line 331.
Package textcomp Info: Setting hlx sub-encoding to TS1/5 on input line 332.
Package textcomp Info: Setting hlce sub-encoding to TS1/5 on input line 333.
Package textcomp Info: Setting hlcn sub-encoding to TS1/5 on input line 334.
Package textcomp Info: Setting hlcw sub-encoding to TS1/5 on input line 335.
Package textcomp Info: Setting hlcf sub-encoding to TS1/5 on input line 336.
Package textcomp Info: Setting pplx sub-encoding to TS1/3 on input line 337.
Package textcomp Info: Setting pplj sub-encoding to TS1/3 on input line 338.
Package textcomp Info: Setting ptmx sub-encoding to TS1/4 on input line 339.
Package textcomp Info: Setting ptmj sub-encoding to TS1/4 on input line 340.
)
\c@theorem=\count117
\c@definition=\count118
\c@lemma=\count119
 (E:\00-Paper3\paper3\paper3.aux)
LaTeX Font Info:    Checking defaults for OML/cmm/m/it on input line 15.
LaTeX Font Info:    ... okay on input line 15.
LaTeX Font Info:    Checking defaults for T1/cmr/m/n on input line 15.
LaTeX Font Info:    ... okay on input line 15.
LaTeX Font Info:    Checking defaults for OT1/cmr/m/n on input line 15.
LaTeX Font Info:    ... okay on input line 15.
LaTeX Font Info:    Checking defaults for OMS/cmsy/m/n on input line 15.
LaTeX Font Info:    ... okay on input line 15.
LaTeX Font Info:    Checking defaults for OMX/cmex/m/n on input line 15.
LaTeX Font Info:    ... okay on input line 15.
LaTeX Font Info:    Checking defaults for U/cmr/m/n on input line 15.
LaTeX Font Info:    ... okay on input line 15.
LaTeX Font Info:    Checking defaults for TS1/cmr/m/n on input line 15.
LaTeX Font Info:    Try loading font information for TS1+cmr on input line 15.

(C:\CTEX\MiKTeX\tex\latex\base\ts1cmr.fd
File: ts1cmr.fd 1999/05/25 v2.5h Standard LaTeX font definitions
)
LaTeX Font Info:    ... okay on input line 15.

-- Lines per column: 56 (exact).
(C:\CTEX\MiKTeX\tex\context\base\supp-pdf.mkii
[Loading MPS to PDF converter (version 2006.09.02).]
\scratchcounter=\count120
\scratchdimen=\dimen150
\scratchbox=\box32
\nofMPsegments=\count121
\nofMParguments=\count122
\everyMPshowfont=\toks24
\MPscratchCnt=\count123
\MPscratchDim=\dimen151
\MPnumerator=\count124
\makeMPintoPDFobject=\count125
\everyMPtoPDFconversion=\toks25
)
Missing character: There is no Õ in font ptmb7t!
Missing character: There is no â in font ptmb7t!
Missing character: There is no Æ in font ptmb7t!
Missing character: There is no Â in font ptmb7t!
Missing character: There is no Û in font ptmb7t!
Missing character: There is no Î in font ptmb7t!
Missing character: There is no Ä in font ptmb7t!
Missing character: There is no µ in font ptmb7t!
Missing character: There is no Ä in font ptmb7t!
Missing character: There is no Ö in font ptmb7t!
Missing character: There is no Ø in font ptmb7t!
Missing character: There is no µ in font ptmb7t!
Missing character: There is no ã in font ptmb7t!
Missing character: There is no Ò in font ptmb7t!
Missing character: There is no · in font ptmb7t!
Missing character: There is no Å in font ptmb7t!
Missing character: There is no Ô in font ptmb7t!
Missing character: There is no Ú in font ptmb7t!
Missing character: There is no É in font ptmb7t!
Missing character: There is no Ï in font ptmb7t!
Missing character: There is no £ in font ptmb7t!
Missing character: There is no ¬ in font ptmb7t!
Missing character: There is no Ö in font ptmb7t!
Missing character: There is no Ø in font ptmb7t!
Missing character: There is no µ in font ptmb7t!
Missing character: There is no ã in font ptmb7t!
Missing character: There is no ² in font ptmb7t!
Missing character: There is no » in font ptmb7t!
Missing character: There is no Ä in font ptmb7t!
Missing character: There is no Ü in font ptmb7t!
Missing character: There is no Ê in font ptmb7t!
Missing character: There is no Ç in font ptmb7t!
Missing character: There is no º in font ptmb7t!
Missing character: There is no Í in font ptmb7t!
Missing character: There is no £ in font ptmb7t!
Missing character: There is no ¬ in font ptmb7t!
Missing character: There is no Õ in font ptmb7t!
Missing character: There is no â in font ptmb7t!
Missing character: There is no Ö in font ptmb7t!
Missing character: There is no » in font ptmb7t!
Missing character: There is no Ê in font ptmb7t!
Missing character: There is no Ç in font ptmb7t!
Missing character: There is no ± in font ptmb7t!
Missing character: There is no ³ in font ptmb7t!
Missing character: There is no ¾ in font ptmb7t!
Missing character: There is no ° in font ptmb7t!
Missing character: There is no £ in font ptmb7t!
Missing character: There is no ¬ in font ptmb7t!
Missing character: There is no ½ in font ptmb7t!
Missing character: There is no » in font ptmb7t!
Missing character: There is no ´ in font ptmb7t!
Missing character: There is no ú in font ptmb7t!
Missing character: There is no Ë in font ptmb7t!
Missing character: There is no µ in font ptmb7t!
Missing character: There is no Ê in font ptmb7t!
Missing character: There is no Ç in font ptmb7t!
Missing character: There is no Õ in font ptmb7t!
Missing character: There is no â in font ptmb7t!
Missing character: There is no Ð in font ptmb7t!
Missing character: There is no © in font ptmb7t!
Missing character: There is no ¼ in font ptmb7t!
Missing character: There is no ¼ in font ptmb7t!
Missing character: There is no Ê in font ptmb7t!
Missing character: There is no õ in font ptmb7t!
Missing character: There is no Ö in font ptmb7t!
Missing character: There is no § in font ptmb7t!
Missing character: There is no ³ in font ptmb7t!
Missing character: There is no Å in font ptmb7t!
Missing character: There is no Á in font ptmb7t!
Missing character: There is no Ë in font ptmb7t!
Missing character: There is no Í in font ptmb7t!
Missing character: There is no ø in font ptmb7t!
Missing character: There is no Â in font ptmb7t!
Missing character: There is no ç in font ptmb7t!
Missing character: There is no Ç in font ptmb7t!
Missing character: There is no Ð in font ptmb7t!
Missing character: There is no Æ in font ptmb7t!
Missing character: There is no ¬ in font ptmb7t!
Missing character: There is no £ in font ptmb7t!
Missing character: There is no ¬ in font ptmb7t!
Missing character: There is no µ in font ptmb7t!
Missing character: There is no « in font ptmb7t!
Missing character: There is no Ê in font ptmb7t!
Missing character: There is no Ç in font ptmb7t!
Missing character: There is no Î in font ptmb7t!
Missing character: There is no Ò in font ptmb7t!
Missing character: There is no µ in font ptmb7t!
Missing character: There is no Ä in font ptmb7t!
Missing character: There is no Ö in font ptmb7t!
Missing character: There is no ÷ in font ptmb7t!
Missing character: There is no Ò in font ptmb7t!
Missing character: There is no ¹ in font ptmb7t!
Missing character: There is no ¤ in font ptmb7t!
Missing character: There is no × in font ptmb7t!
Missing character: There is no ÷ in font ptmb7t!
Missing character: There is no £ in font ptmb7t!
Missing character: There is no ¬ in font ptmb7t!
Missing character: There is no Ó in font ptmb7t!
Missing character: There is no ¦ in font ptmb7t!
Missing character: There is no ¸ in font ptmb7t!
Missing character: There is no Ã in font ptmb7t!
Missing character: There is no Ê in font ptmb7t!
Missing character: There is no Ç in font ptmb7t!
Missing character: There is no × in font ptmb7t!
Missing character: There is no Ê in font ptmb7t!
Missing character: There is no Ô in font ptmb7t!
Missing character: There is no ´ in font ptmb7t!
Missing character: There is no · in font ptmb7t!
Missing character: There is no Ö in font ptmb7t!
Missing character: There is no Å in font ptmb7t!
Missing character: There is no ä in font ptmb7t!
Missing character: There is no £ in font ptmb7t!
Missing character: There is no ¬ in font ptmb7t!
Missing character: There is no Ò in font ptmb7t!
Missing character: There is no ò in font ptmb7t!
Missing character: There is no Î in font ptmb7t!
Missing character: There is no Õ in font ptmb7t!
Missing character: There is no â in font ptmb7t!
Missing character: There is no ² in font ptmb7t!
Missing character: There is no Å in font ptmb7t!
Missing character: There is no Ê in font ptmb7t!
Missing character: There is no Ç in font ptmb7t!
Missing character: There is no Î in font ptmb7t!
Missing character: There is no Ò in font ptmb7t!
Missing character: There is no Ã in font ptmb7t!
Missing character: There is no Ç in font ptmb7t!
Missing character: There is no Ä in font ptmb7t!
Missing character: There is no Ü in font ptmb7t!
Missing character: There is no × in font ptmb7t!
Missing character: There is no ö in font ptmb7t!
Missing character: There is no µ in font ptmb7t!
Missing character: There is no Ä in font ptmb7t!
Missing character: There is no Ê in font ptmb7t!
Missing character: There is no Â in font ptmb7t!
Missing character: There is no Ç in font ptmb7t!
Missing character: There is no é in font ptmb7t!
Missing character: There is no £ in font ptmb7t!
Missing character: There is no ¬ in font ptmb7t!
Missing character: There is no Î in font ptmb7t!
Missing character: There is no Ä in font ptmb7t!
Missing character: There is no Õ in font ptmb7t!
Missing character: There is no Â in font ptmb7t!
Missing character: There is no Ö in font ptmb7t!
Missing character: There is no ÷ in font ptmb7t!
Missing character: There is no Ò in font ptmb7t!
Missing character: There is no Ò in font ptmb7t!
Missing character: There is no Ô in font ptmb7t!
Missing character: There is no Î in font ptmb7t!
Missing character: There is no ± in font ptmb7t!
Missing character: There is no ³ in font ptmb7t!
Missing character: There is no ¾ in font ptmb7t!
Missing character: There is no ° in font ptmb7t!
Missing character: There is no £ in font ptmb7t!
Missing character: There is no ¬ in font ptmb7t!
Missing character: There is no ¿ in font ptmb7t!
Missing character: There is no ¼ in font ptmb7t!
Missing character: There is no Â in font ptmb7t!
Missing character: There is no Ç in font ptmb7t!
Missing character: There is no Í in font ptmb7t!
Missing character: There is no ø in font ptmb7t!
Missing character: There is no Â in font ptmb7t!
Missing character: There is no ç in font ptmb7t!
Missing character: There is no £ in font ptmb7t!
Missing character: There is no ¬ in font ptmb7t!
Missing character: There is no ´ in font ptmb7t!
Missing character: There is no æ in font ptmb7t!
Missing character: There is no ´ in font ptmb7t!
Missing character: There is no ¢ in font ptmb7t!
Missing character: There is no £ in font ptmb7t!
Missing character: There is no ¬ in font ptmb7t!
Missing character: There is no ¼ in font ptmb7t!
Missing character: There is no Æ in font ptmb7t!
Missing character: There is no Ë in font ptmb7t!
Missing character: There is no ã in font ptmb7t!
Missing character: There is no £ in font ptmb7t!
Missing character: There is no ¬ in font ptmb7t!
Missing character: There is no µ in font ptmb7t!
Missing character: There is no ç in font ptmb7t!
Missing character: There is no Á in font ptmb7t!
Missing character: There is no ¦ in font ptmb7t!
Missing character: There is no µ in font ptmb7t!
Missing character: There is no È in font ptmb7t!
Missing character: There is no ¼ in font ptmb7t!
Missing character: There is no ¸ in font ptmb7t!
Missing character: There is no Ö in font ptmb7t!
Missing character: There is no Ö in font ptmb7t!
Missing character: There is no × in font ptmb7t!
Missing character: There is no Ê in font ptmb7t!
Missing character: There is no Ô in font ptmb7t!
Missing character: There is no ´ in font ptmb7t!
Missing character: There is no £ in font ptmb7t!
Missing character: There is no ¬ in font ptmb7t!
Missing character: There is no À in font ptmb7t!
Missing character: There is no ´ in font ptmb7t!
Missing character: There is no ½ in font ptmb7t!
Missing character: There is no ¨ in font ptmb7t!
Missing character: There is no Á in font ptmb7t!
Missing character: There is no ¢ in font ptmb7t!
Missing character: There is no Ò in font ptmb7t!
Missing character: There is no » in font ptmb7t!
Missing character: There is no ¸ in font ptmb7t!
Missing character: There is no ö in font ptmb7t!
Missing character: There is no Ó in font ptmb7t!
Missing character: There is no Å in font ptmb7t!
Missing character: There is no » in font ptmb7t!
Missing character: There is no ¯ in font ptmb7t!
Missing character: There is no Ä in font ptmb7t!
Missing character: There is no £ in font ptmb7t!
Missing character: There is no Ð in font ptmb7t!
Missing character: There is no Í in font ptmb7t!
Missing character: There is no £ in font ptmb7t!
Missing character: There is no ¬ in font ptmb7t!
Missing character: There is no À in font ptmb7t!
Missing character: There is no û in font ptmb7t!
Missing character: There is no Ó in font ptmb7t!
Missing character: There is no Ã in font ptmb7t!
Missing character: There is no É in font ptmb7t!
Missing character: There is no î in font ptmb7t!
Missing character: There is no ¶ in font ptmb7t!
Missing character: There is no È in font ptmb7t!
Missing character: There is no Ç in font ptmb7t!
Missing character: There is no ¿ in font ptmb7t!
Missing character: There is no » in font ptmb7t!
Missing character: There is no ¯ in font ptmb7t!
Missing character: There is no Ñ in font ptmb7t!
Missing character: There is no § in font ptmb7t!
Missing character: There is no Ï in font ptmb7t!
Missing character: There is no ° in font ptmb7t!
Missing character: There is no µ in font ptmb7t!
Missing character: There is no Ä in font ptmb7t!
Missing character: There is no · in font ptmb7t!
Missing character: There is no ½ in font ptmb7t!
Missing character: There is no · in font ptmb7t!
Missing character: There is no ¨ in font ptmb7t!
Missing character: There is no £ in font ptmb7t!
Missing character: There is no ¬ in font ptmb7t!
Missing character: There is no ¶ in font ptmb7t!
Missing character: There is no Ô in font ptmb7t!
Missing character: There is no Ó in font ptmb7t!
Missing character: There is no Å in font ptmb7t!
Missing character: There is no » in font ptmb7t!
Missing character: There is no ¯ in font ptmb7t!
Missing character: There is no Î in font ptmb7t!
Missing character: There is no Ê in font ptmb7t!
Missing character: There is no Ì in font ptmb7t!
Missing character: There is no â in font ptmb7t!
Missing character: There is no ½ in font ptmb7t!
Missing character: There is no ø in font ptmb7t!
Missing character: There is no Ð in font ptmb7t!
Missing character: There is no Ð in font ptmb7t!
Missing character: There is no Ç in font ptmb7t!
Missing character: There is no ó in font ptmb7t!
Missing character: There is no ½ in font ptmb7t!
Missing character: There is no â in font ptmb7t!
Missing character: There is no £ in font ptmb7t!
Missing character: There is no ¬ in font ptmb7t!
Missing character: There is no ´ in font ptmb7t!
Missing character: There is no Ó in font ptmb7t!
Missing character: There is no ¶ in font ptmb7t!
Missing character: There is no ø in font ptmb7t!
Missing character: There is no Ì in font ptmb7t!
Missing character: There is no á in font ptmb7t!
Missing character: There is no ¹ in font ptmb7t!
Missing character: There is no © in font ptmb7t!
Missing character: There is no Î in font ptmb7t!
Missing character: There is no Í in font ptmb7t!
Missing character: There is no ø in font ptmb7t!
Missing character: There is no Â in font ptmb7t!
Missing character: There is no ç in font ptmb7t!
Missing character: There is no Ç in font ptmb7t!
Missing character: There is no Ð in font ptmb7t!
Missing character: There is no Æ in font ptmb7t!
Missing character: There is no ¬ in font ptmb7t!
Missing character: There is no Ò in font ptmb7t!
Missing character: There is no » in font ptmb7t!
Missing character: There is no ¸ in font ptmb7t!
Missing character: There is no ö in font ptmb7t!
Missing character: There is no ¸ in font ptmb7t!
Missing character: There is no ß in font ptmb7t!
Missing character: There is no Ð in font ptmb7t!
Missing character: There is no § in font ptmb7t!
Missing character: There is no µ in font ptmb7t!
Missing character: There is no Ä in font ptmb7t!
Missing character: There is no ² in font ptmb7t!
Missing character: There is no ß in font ptmb7t!
Missing character: There is no Â in font ptmb7t!
Missing character: There is no Ô in font ptmb7t!
Missing character: There is no ¡ in font ptmb7t!
Missing character: There is no £ in font ptmb7t!
Missing character: There is no Ö in font ptmb7t!
Missing character: There is no ÷ in font ptmb7t!
Missing character: There is no Ò in font ptmb7t!
Missing character: There is no µ in font ptmb7t!
Missing character: There is no Ä in font ptmb7t!
Missing character: There is no ¹ in font ptmb7t!
Missing character: There is no ± in font ptmb7t!
Missing character: There is no Ï in font ptmb7t!
Missing character: There is no × in font ptmb7t!
Missing character: There is no Ó in font ptmb7t!
Missing character: There is no Ð in font ptmb7t!
Missing character: There is no £ in font ptmb7t!
Missing character: There is no º in font ptmb7t!
Missing character: There is no £ in font ptmb7t!
Missing character: There is no ¬ in font ptmb7t!
Missing character: There is no ½ in font ptmb7t!
Missing character: There is no ¨ in font ptmb7t!
Missing character: There is no Á in font ptmb7t!
Missing character: There is no ¢ in font ptmb7t!
Missing character: There is no Á in font ptmb7t!
Missing character: There is no Ë in font ptmb7t!
Missing character: There is no Ò in font ptmb7t!
Missing character: There is no » in font ptmb7t!
Missing character: There is no ¸ in font ptmb7t!
Missing character: There is no ö in font ptmb7t!
Missing character: There is no Í in font ptmb7t!
Missing character: There is no ø in font ptmb7t!
Missing character: There is no Â in font ptmb7t!
Missing character: There is no ç in font ptmb7t!
Missing character: There is no Ç in font ptmb7t!
Missing character: There is no Ð in font ptmb7t!
Missing character: There is no Æ in font ptmb7t!
Missing character: There is no ¬ in font ptmb7t!
Missing character: There is no µ in font ptmb7t!
Missing character: There is no Ä in font ptmb7t!
Missing character: There is no Ä in font ptmb7t!
Missing character: There is no £ in font ptmb7t!
Missing character: There is no Ð in font ptmb7t!
Missing character: There is no Í in font ptmb7t!
Missing character: There is no £ in font ptmb7t!
Missing character: There is no » in font ptmb7t!
Missing character: There is no £ in font ptmb7t!
Missing character: There is no ¬ in font ptmb7t!
Missing character: There is no ¿ in font ptmb7t!
Missing character: There is no ¼ in font ptmb7t!
Missing character: There is no Â in font ptmb7t!
Missing character: There is no Ç in font ptmb7t!
Missing character: There is no Á in font ptmb7t!
Missing character: There is no Ë in font ptmb7t!
Missing character: There is no ¶ in font ptmb7t!
Missing character: There is no à in font ptmb7t!
Missing character: There is no Ö in font ptmb7t!
Missing character: There is no Ö in font ptmb7t!
Missing character: There is no Ç in font ptmb7t!
Missing character: There is no é in font ptmb7t!
Missing character: There is no ¿ in font ptmb7t!
Missing character: There is no ö in font ptmb7t!
Missing character: There is no £ in font ptmb7t!
Missing character: There is no ¬ in font ptmb7t!
Missing character: There is no ¿ in font ptmb7t!
Missing character: There is no É in font ptmb7t!
Missing character: There is no Ò in font ptmb7t!
Missing character: There is no Ô in font ptmb7t!
Missing character: There is no Ò in font ptmb7t!
Missing character: There is no ý in font ptmb7t!
Missing character: There is no È in font ptmb7t!
Missing character: There is no ë in font ptmb7t!
Missing character: There is no ½ in font ptmb7t!
Missing character: There is no Ú in font ptmb7t!
Missing character: There is no È in font ptmb7t!
Missing character: There is no Õ in font ptmb7t!
Missing character: There is no × in font ptmb7t!
Missing character: There is no ´ in font ptmb7t!
Missing character: There is no Ì in font ptmb7t!
Missing character: There is no ¬ in font ptmb7t!
Missing character: There is no £ in font ptmb7t!
Missing character: There is no » in font ptmb7t!
Missing character: There is no £ in font ptmb7t!
Missing character: There is no ¬ in font ptmb7t!
Missing character: There is no À in font ptmb7t!
Missing character: There is no û in font ptmb7t!
Missing character: There is no Ó in font ptmb7t!
Missing character: There is no Ã in font ptmb7t!
Missing character: There is no É in font ptmb7t!
Missing character: There is no î in font ptmb7t!
Missing character: There is no ¶ in font ptmb7t!
Missing character: There is no È in font ptmb7t!
Missing character: There is no Ç in font ptmb7t!
Missing character: There is no ¿ in font ptmb7t!
Missing character: There is no » in font ptmb7t!
Missing character: There is no ¯ in font ptmb7t!
Missing character: There is no Ñ in font ptmb7t!
Missing character: There is no § in font ptmb7t!
Missing character: There is no Ï in font ptmb7t!
Missing character: There is no ° in font ptmb7t!
Missing character: There is no µ in font ptmb7t!
Missing character: There is no Ä in font ptmb7t!
Missing character: There is no · in font ptmb7t!
Missing character: There is no ½ in font ptmb7t!
Missing character: There is no · in font ptmb7t!
Missing character: There is no ¨ in font ptmb7t!
Missing character: There is no ½ in font ptmb7t!
Missing character: There is no ø in font ptmb7t!
Missing character: There is no Ð in font ptmb7t!
Missing character: There is no Ð in font ptmb7t!
Missing character: There is no Ç in font ptmb7t!
Missing character: There is no ó in font ptmb7t!
Missing character: There is no ½ in font ptmb7t!
Missing character: There is no â in font ptmb7t!
Missing character: There is no ¡ in font ptmb7t!
Missing character: There is no £ in font ptmb7t!

Underfull \hbox (badness 2334) in paragraph at lines 18--21
[]\OT1/ptm/b/it/9 Abstract\OT1/ptm/b/n/9 ---ªªnetwork s-lic-ingN-FVS-D-Nªªª5G n
et-work s-lic-ingªª
 []

Missing character: There is no µ in font ptmr7t!
Missing character: There is no Ú in font ptmr7t!
Missing character: There is no Ò in font ptmr7t!
Missing character: There is no » in font ptmr7t!
Missing character: There is no ¶ in font ptmr7t!
Missing character: There is no Î in font ptmr7t!
Missing character: There is no £ in font ptmr7t!
Missing character: There is no º in font ptmr7t!
Missing character: There is no ½ in font ptmr7t!
Missing character: There is no é in font ptmr7t!
Missing character: There is no É in font ptmr7t!
Missing character: There is no Ü in font ptmr7t!
Missing character: There is no µ in font ptmr7t!
Missing character: There is no Ä in font ptmr7t!
Missing character: There is no È in font ptmr7t!
Missing character: There is no ý in font ptmr7t!
Missing character: There is no ´ in font ptmr7t!
Missing character: There is no ó in font ptmr7t!
Missing character: There is no Ó in font ptmr7t!
Missing character: There is no ¦ in font ptmr7t!
Missing character: There is no Ó in font ptmr7t!
Missing character: There is no Ã in font ptmr7t!
Missing character: There is no ³ in font ptmr7t!
Missing character: There is no ¡ in font ptmr7t!
Missing character: There is no ¾ in font ptmr7t!
Missing character: There is no ° in font ptmr7t!
Missing character: There is no £ in font ptmr7t!
Missing character: There is no ¬ in font ptmr7t!
Missing character: There is no Î in font ptmr7t!
Missing character: There is no Á in font ptmr7t!
Missing character: There is no Ë in font ptmr7t!
Missing character: There is no Ò in font ptmr7t!
Missing character: There is no ý in font ptmr7t!
Missing character: There is no ³ in font ptmr7t!
Missing character: There is no ö in font ptmr7t!
Missing character: There is no Ð in font ptmr7t!
Missing character: There is no è in font ptmr7t!
Missing character: There is no Ç in font ptmr7t!
Missing character: There is no ó in font ptmr7t!
Missing character: There is no ¶ in font ptmr7t!
Missing character: There is no à in font ptmr7t!
Missing character: There is no Ñ in font ptmr7t!
Missing character: There is no ù in font ptmr7t!
Missing character: There is no » in font ptmr7t!
Missing character: There is no ¯ in font ptmr7t!
Missing character: There is no Í in font ptmr7t!
Missing character: There is no ø in font ptmr7t!
Missing character: There is no Â in font ptmr7t!
Missing character: There is no ç in font ptmr7t!
Missing character: There is no Ò in font ptmr7t!
Missing character: There is no ½ in font ptmr7t!
Missing character: There is no â in font ptmr7t!
Missing character: There is no ¾ in font ptmr7t!
Missing character: There is no ö in font ptmr7t!
Missing character: There is no µ in font ptmr7t!
Missing character: There is no Ä in font ptmr7t!
Missing character: There is no Î in font ptmr7t!
Missing character: There is no Ê in font ptmr7t!
Missing character: There is no Ì in font ptmr7t!
Missing character: There is no â in font ptmr7t!
Missing character: There is no £ in font ptmr7t!
Missing character: There is no ¬ in font ptmr7t!
Missing character: There is no ² in font ptmr7t!
Missing character: There is no » in font ptmr7t!
Missing character: There is no µ in font ptmr7t!
Missing character: There is no ¥ in font ptmr7t!
Missing character: There is no µ in font ptmr7t!
Missing character: There is no ¥ in font ptmr7t!
Missing character: There is no Ê in font ptmr7t!
Missing character: There is no Ç in font ptmr7t!
Missing character: There is no Í in font ptmr7t!
Missing character: There is no ø in font ptmr7t!
Missing character: There is no Ë in font ptmr7t!
Missing character: There is no Ù in font ptmr7t!
Missing character: There is no Ì in font ptmr7t!
Missing character: There is no á in font ptmr7t!
Missing character: There is no ¸ in font ptmr7t!
Missing character: There is no ß in font ptmr7t!
Missing character: There is no µ in font ptmr7t!
Missing character: There is no Ä in font ptmr7t!
Missing character: There is no Î in font ptmr7t!
Missing character: There is no Ê in font ptmr7t!
Missing character: There is no Ì in font ptmr7t!
Missing character: There is no â in font ptmr7t!
Missing character: There is no ¡ in font ptmr7t!
Missing character: There is no £ in font ptmr7t!
Missing character: There is no Ë in font ptmr7t!
Missing character: There is no û in font ptmr7t!
Missing character: There is no Ò in font ptmr7t!
Missing character: There is no Ã in font ptmr7t!
Missing character: There is no æ in font ptmr7t!
Missing character: There is no Á in font ptmr7t!
Missing character: There is no Ù in font ptmr7t!
Missing character: There is no ¶ in font ptmr7t!
Missing character: There is no à in font ptmr7t!
Missing character: There is no ¸ in font ptmr7t!
Missing character: There is no ö in font ptmr7t!
Missing character: There is no ³ in font ptmr7t!
Missing character: There is no ¡ in font ptmr7t!
Missing character: There is no ¾ in font ptmr7t!
Missing character: There is no ° in font ptmr7t!
Missing character: There is no Ó in font ptmr7t!
Missing character: There is no ¦ in font ptmr7t!
Missing character: There is no Ó in font ptmr7t!
Missing character: There is no Ã in font ptmr7t!
Missing character: There is no µ in font ptmr7t!
Missing character: There is no Ä in font ptmr7t!
Missing character: There is no Ì in font ptmr7t!
Missing character: There is no ô in font ptmr7t!
Missing character: There is no Õ in font ptmr7t!
Missing character: There is no ½ in font ptmr7t!
Missing character: There is no ¡ in font ptmr7t!
Missing character: There is no £ in font ptmr7t!
Missing character: There is no Ä in font ptmr7t!
Missing character: There is no ¿ in font ptmr7t!
Missing character: There is no Ç in font ptmr7t!
Missing character: There is no ° in font ptmr7t!
Missing character: There is no ¸ in font ptmr7t!
Missing character: There is no ù in font ptmr7t!
Missing character: There is no ¾ in font ptmr7t!
Missing character: There is no Ý in font ptmr7t!
Missing character: There is no µ in font ptmr7t!
Missing character: There is no Ä in font ptmr7t!
Missing character: There is no ¹ in font ptmr7t!
Missing character: There is no æ in font ptmr7t!
Missing character: There is no ¶ in font ptmr7t!
Missing character: There is no ¨ in font ptmr7t!
Missing character: There is no £ in font ptmr7t!
Missing character: There is no ¬ in font ptmr7t!
Missing character: There is no Ö in font ptmr7t!
Missing character: There is no ÷ in font ptmr7t!
Missing character: There is no Ò in font ptmr7t!
Missing character: There is no Ó in font ptmr7t!
Missing character: There is no Ð in font ptmr7t!
Missing character: There is no È in font ptmr7t!
Missing character: There is no ý in font ptmr7t!
Missing character: There is no ´ in font ptmr7t!
Missing character: There is no ó in font ptmr7t!
Missing character: There is no Ó in font ptmr7t!
Missing character: There is no ¦ in font ptmr7t!
Missing character: There is no Ó in font ptmr7t!
Missing character: There is no Ã in font ptmr7t!
Missing character: There is no ³ in font ptmr7t!
Missing character: There is no ¡ in font ptmr7t!
Missing character: There is no ¾ in font ptmr7t!
Missing character: There is no ° in font ptmr7t!
Missing character: There is no £ in font ptmr7t!
Missing character: There is no ¬ in font ptmr7t!
Missing character: There is no ² in font ptmr7t!
Missing character: There is no » in font ptmr7t!
Missing character: There is no Í in font ptmr7t!
Missing character: There is no ¬ in font ptmr7t!
Missing character: There is no µ in font ptmr7t!
Missing character: There is no Ä in font ptmr7t!
Missing character: There is no ³ in font ptmr7t!
Missing character: There is no ¡ in font ptmr7t!
Missing character: There is no ¾ in font ptmr7t!
Missing character: There is no ° in font ptmr7t!
Missing character: There is no µ in font ptmr7t!
Missing character: There is no Ä in font ptmr7t!
Missing character: There is no Ð in font ptmr7t!
Missing character: There is no Ô in font ptmr7t!
Missing character: There is no Ä in font ptmr7t!
Missing character: There is no Ü in font ptmr7t!
Missing character: There is no Ò in font ptmr7t!
Missing character: There is no Ç in font ptmr7t!
Missing character: There is no ó in font ptmr7t!
Missing character: There is no £ in font ptmr7t!
Missing character: There is no ¬ in font ptmr7t!
Missing character: There is no · in font ptmr7t!
Missing character: There is no Ö in font ptmr7t!
Missing character: There is no ± in font ptmr7t!
Missing character: There is no ð in font ptmr7t!
Missing character: There is no Ê in font ptmr7t!
Missing character: There is no Ç in font ptmr7t!
Missing character: There is no Ê in font ptmr7t!
Missing character: There is no ² in font ptmr7t!
Missing character: There is no Ã in font ptmr7t!
Missing character: There is no ´ in font ptmr7t!
Missing character: There is no ¡ in font ptmr7t!
Missing character: There is no £ in font ptmr7t!
Missing character: There is no Ä in font ptmr7t!
Missing character: There is no Ç in font ptmr7t!
Missing character: There is no Ã in font ptmr7t!
Missing character: There is no ´ in font ptmr7t!
Missing character: There is no Ò in font ptmr7t!
Missing character: There is no Ï in font ptmr7t!
Missing character: There is no ë in font ptmr7t!
Missing character: There is no Â in font ptmr7t!
Missing character: There is no ú in font ptmr7t!
Missing character: There is no × in font ptmr7t!
Missing character: There is no ã in font ptmr7t!
Missing character: There is no Õ in font ptmr7t!
Missing character: There is no â in font ptmr7t!
Missing character: There is no Ð in font ptmr7t!
Missing character: There is no © in font ptmr7t!
Missing character: There is no Ó in font ptmr7t!
Missing character: There is no ¦ in font ptmr7t!
Missing character: There is no Ó in font ptmr7t!
Missing character: There is no Ã in font ptmr7t!
Missing character: There is no µ in font ptmr7t!
Missing character: There is no Ä in font ptmr7t!
Missing character: There is no Ð in font ptmr7t!
Missing character: There is no Ô in font ptmr7t!
Missing character: There is no Ä in font ptmr7t!
Missing character: There is no Ü in font ptmr7t!
Missing character: There is no µ in font ptmr7t!
Missing character: There is no Ä in font ptmr7t!
Missing character: There is no Ð in font ptmr7t!
Missing character: There is no è in font ptmr7t!
Missing character: There is no Ç in font ptmr7t!
Missing character: There is no ó in font ptmr7t!
Missing character: There is no £ in font ptmr7t!
Missing character: There is no ¬ in font ptmr7t!
Missing character: There is no ¾ in font ptmr7t!
Missing character: There is no Í in font ptmr7t!
Missing character: There is no Ð in font ptmr7t!
Missing character: There is no è in font ptmr7t!
Missing character: There is no Ò in font ptmr7t!
Missing character: There is no ¶ in font ptmr7t!
Missing character: There is no à in font ptmr7t!
Missing character: There is no Ñ in font ptmr7t!
Missing character: There is no ù in font ptmr7t!
Missing character: There is no » in font ptmr7t!
Missing character: There is no ¯ in font ptmr7t!
Missing character: There is no µ in font ptmr7t!
Missing character: There is no Ä in font ptmr7t!
Missing character: There is no × in font ptmr7t!
Missing character: There is no Ê in font ptmr7t!
Missing character: There is no Ô in font ptmr7t!
Missing character: There is no ´ in font ptmr7t!
Missing character: There is no · in font ptmr7t!
Missing character: There is no Ö in font ptmr7t!
Missing character: There is no Å in font ptmr7t!
Missing character: There is no ä in font ptmr7t!
Missing character: There is no · in font ptmr7t!
Missing character: There is no ½ in font ptmr7t!
Missing character: There is no ° in font ptmr7t!
Missing character: There is no ¸ in font ptmr7t!
Missing character: There is no £ in font ptmr7t!
Missing character: There is no ¬ in font ptmr7t!
Missing character: There is no ² in font ptmr7t!
Missing character: There is no » in font ptmr7t!
Missing character: There is no Ä in font ptmr7t!
Missing character: There is no Ü in font ptmr7t!
Missing character: There is no Ï in font ptmr7t!
Missing character: There is no ò in font ptmr7t!
Missing character: There is no Ä in font ptmr7t!
Missing character: There is no Ç in font ptmr7t!
Missing character: There is no Ñ in font ptmr7t!
Missing character: There is no ù in font ptmr7t!
Missing character: There is no µ in font ptmr7t!
Missing character: There is no Ä in font ptmr7t!
Missing character: There is no µ in font ptmr7t!
Missing character: There is no Ú in font ptmr7t!
Missing character: There is no ¶ in font ptmr7t!
Missing character: There is no þ in font ptmr7t!
Missing character: There is no ¶ in font ptmr7t!
Missing character: There is no Î in font ptmr7t!
Missing character: There is no £ in font ptmr7t!
Missing character: There is no º in font ptmr7t!
Missing character: There is no Õ in font ptmr7t!
Missing character: There is no ë in font ptmr7t!
Missing character: There is no ¶ in font ptmr7t!
Missing character: There is no Ô in font ptmr7t!
Missing character: There is no Ð in font ptmr7t!
Missing character: There is no è in font ptmr7t!
Missing character: There is no Ç in font ptmr7t!
Missing character: There is no ó in font ptmr7t!
Missing character: There is no ¶ in font ptmr7t!
Missing character: There is no à in font ptmr7t!
Missing character: There is no Ñ in font ptmr7t!
Missing character: There is no ù in font ptmr7t!
Missing character: There is no » in font ptmr7t!
Missing character: There is no ¯ in font ptmr7t!
Missing character: There is no µ in font ptmr7t!
Missing character: There is no Ä in font ptmr7t!
Missing character: There is no Î in font ptmr7t!
Missing character: There is no Ê in font ptmr7t!
Missing character: There is no Ì in font ptmr7t!
Missing character: There is no â in font ptmr7t!
Missing character: There is no £ in font ptmr7t!
Missing character: There is no ¬ in font ptmr7t!
Missing character: There is no Ô in font ptmr7t!
Missing character: There is no õ in font ptmr7t!
Missing character: There is no Ñ in font ptmr7t!
Missing character: There is no ù in font ptmr7t!
Missing character: There is no ² in font ptmr7t!
Missing character: There is no Å in font ptmr7t!
Missing character: There is no Ä in font ptmr7t!
Missing character: There is no Ü in font ptmr7t!
Missing character: There is no Â in font ptmr7t!
Missing character: There is no ú in font ptmr7t!
Missing character: There is no × in font ptmr7t!
Missing character: There is no ã in font ptmr7t!
Missing character: There is no Ð in font ptmr7t!
Missing character: There is no Ô in font ptmr7t!
Missing character: There is no Ä in font ptmr7t!
Missing character: There is no Ü in font ptmr7t!
Missing character: There is no Ð in font ptmr7t!
Missing character: There is no è in font ptmr7t!
Missing character: There is no Ç in font ptmr7t!
Missing character: There is no ó in font ptmr7t!
Missing character: There is no £ in font ptmr7t!
Missing character: There is no ¬ in font ptmr7t!
Missing character: There is no Ì in font ptmr7t!
Missing character: There is no á in font ptmr7t!
Missing character: There is no ³ in font ptmr7t!
Missing character: There is no ö in font ptmr7t!
Missing character: There is no Í in font ptmr7t!
Missing character: There is no ø in font ptmr7t!
Missing character: There is no Â in font ptmr7t!
Missing character: There is no ç in font ptmr7t!
Missing character: There is no Ç in font ptmr7t!
Missing character: There is no Ð in font ptmr7t!
Missing character: There is no Æ in font ptmr7t!
Missing character: There is no ¬ in font ptmr7t!
Missing character: There is no ¼ in font ptmr7t!
Missing character: There is no ¼ in font ptmr7t!
Missing character: There is no Ê in font ptmr7t!
Missing character: There is no õ in font ptmr7t!
Missing character: There is no Õ in font ptmr7t!
Missing character: There is no â in font ptmr7t!
Missing character: There is no À in font ptmr7t!
Missing character: There is no ï in font ptmr7t!
Missing character: There is no ¿ in font ptmr7t!
Missing character: There is no É in font ptmr7t!
Missing character: There is no Ò in font ptmr7t!
Missing character: There is no Ô in font ptmr7t!
Missing character: There is no Ê in font ptmr7t!
Missing character: There is no Ç in font ptmr7t!
Missing character: There is no Ï in font ptmr7t!
Missing character: There is no à in font ptmr7t!
Missing character: There is no ¹ in font ptmr7t!
Missing character: There is no Ø in font ptmr7t!
Missing character: There is no ¹ in font ptmr7t!
Missing character: There is no ¤ in font ptmr7t!
Missing character: There is no × in font ptmr7t!
Missing character: There is no ÷ in font ptmr7t!
Missing character: There is no £ in font ptmr7t!
Missing character: There is no ¬ in font ptmr7t!
Missing character: There is no Î in font ptmr7t!
Missing character: There is no Ò in font ptmr7t!
Missing character: There is no ¿ in font ptmr7t!
Missing character: There is no É in font ptmr7t!
Missing character: There is no Ò in font ptmr7t!
Missing character: There is no Ô in font ptmr7t!
Missing character: There is no ² in font ptmr7t!
Missing character: There is no » in font ptmr7t!
Missing character: There is no Ò in font ptmr7t!
Missing character: There is no Ï in font ptmr7t!
Missing character: There is no à in font ptmr7t!
Missing character: There is no ¹ in font ptmr7t!
Missing character: There is no Ø in font ptmr7t!
Missing character: There is no ¹ in font ptmr7t!
Missing character: There is no ¤ in font ptmr7t!
Missing character: There is no × in font ptmr7t!
Missing character: There is no ÷ in font ptmr7t!
Missing character: There is no Õ in font ptmr7t!
Missing character: There is no â in font ptmr7t!
Missing character: There is no Ò in font ptmr7t!
Missing character: There is no » in font ptmr7t!
Missing character: There is no ½ in font ptmr7t!
Missing character: There is no Ú in font ptmr7t!
Missing character: There is no ¡ in font ptmr7t!
Missing character: There is no £ in font ptmr7t!
LaTeX Font Info:    Try loading font information for U+msa on input line 33.
(C:\CTEX\MiKTeX\tex\latex\amsfonts\umsa.fd
File: umsa.fd 2009/06/22 v3.00 AMS symbols A
)
LaTeX Font Info:    Try loading font information for U+msb on input line 33.

(C:\CTEX\MiKTeX\tex\latex\amsfonts\umsb.fd
File: umsb.fd 2009/06/22 v3.00 AMS symbols B
)
Missing character: There is no µ in font ptmr7t!
Missing character: There is no Ú in font ptmr7t!
Missing character: There is no È in font ptmr7t!
Missing character: There is no ý in font ptmr7t!
Missing character: There is no ¶ in font ptmr7t!
Missing character: There is no Î in font ptmr7t!
Missing character: There is no £ in font ptmr7t!
Missing character: There is no º in font ptmr7t!
Missing character: There is no Ï in font ptmr7t!
Missing character: There is no Ö in font ptmr7t!
Missing character: There is no Ó in font ptmr7t!
Missing character: There is no Ð in font ptmr7t!
Missing character: There is no µ in font ptmr7t!
Missing character: There is no Ä in font ptmr7t!
Missing character: There is no Í in font ptmr7t!
Missing character: There is no ø in font ptmr7t!
Missing character: There is no Â in font ptmr7t!
Missing character: There is no ç in font ptmr7t!
Missing character: There is no Ç in font ptmr7t!
Missing character: There is no Ð in font ptmr7t!
Missing character: There is no Æ in font ptmr7t!
Missing character: There is no ¬ in font ptmr7t!
Missing character: There is no ¶ in font ptmr7t!
Missing character: There is no ¼ in font ptmr7t!
Missing character: There is no × in font ptmr7t!
Missing character: There is no ö in font ptmr7t!
Missing character: There is no ³ in font ptmr7t!
Missing character: There is no É in font ptmr7t!
Missing character: There is no Ê in font ptmr7t!
Missing character: There is no ² in font ptmr7t!
Missing character: There is no Ã in font ptmr7t!
Missing character: There is no ´ in font ptmr7t!
Missing character: There is no Ñ in font ptmr7t!
Missing character: There is no ù in font ptmr7t!
Missing character: There is no £ in font ptmr7t!
Missing character: There is no ¿ in font ptmr7t!
Missing character: There is no » in font ptmr7t!
Missing character: There is no ¹ in font ptmr7t!
Missing character: There is no Ó in font ptmr7t!
Missing character: There is no Ð in font ptmr7t!
Missing character: There is no Ä in font ptmr7t!
Missing character: There is no Ç in font ptmr7t!
Missing character: There is no Ð in font ptmr7t!
Missing character: There is no © in font ptmr7t!
Missing character: There is no ² in font ptmr7t!
Missing character: There is no » in font ptmr7t!
Missing character: There is no × in font ptmr7t!
Missing character: There is no ã in font ptmr7t!
Missing character: There is no £ in font ptmr7t!
Missing character: There is no ¬ in font ptmr7t!
Missing character: There is no Î in font ptmr7t!
Missing character: There is no Ò in font ptmr7t!
Missing character: There is no µ in font ptmr7t!
Missing character: There is no Ä in font ptmr7t!
Missing character: There is no Ô in font ptmr7t!
Missing character: There is no Ú in font ptmr7t!
Missing character: There is no Ä in font ptmr7t!
Missing character: There is no Ä in font ptmr7t!
Missing character: There is no £ in font ptmr7t!
Missing character: There is no ¡ in font ptmr7t!
Missing character: There is no µ in font ptmr7t!
Missing character: There is no Ú in font ptmr7t!
Missing character: There is no Ë in font ptmr7t!
Missing character: There is no Ä in font ptmr7t!
Missing character: There is no ¶ in font ptmr7t!
Missing character: There is no Î in font ptmr7t!
Missing character: There is no £ in font ptmr7t!
Missing character: There is no º in font ptmr7t!
Missing character: There is no ± in font ptmr7t!
Missing character: There is no ¾ in font ptmr7t!
Missing character: There is no Î in font ptmr7t!
Missing character: There is no Ä in font ptmr7t!
Missing character: There is no ¶ in font ptmr7t!
Missing character: There is no ¼ in font ptmr7t!
Missing character: There is no ¸ in font ptmr7t!
Missing character: There is no É in font ptmr7t!
Missing character: There is no Á in font ptmr7t!
Missing character: There is no Ë in font ptmr7t!
Missing character: There is no Ä in font ptmr7t!
Missing character: There is no Ç in font ptmr7t!
Missing character: There is no Ð in font ptmr7t!
Missing character: There is no © in font ptmr7t!
Missing character: There is no ¹ in font ptmr7t!
Missing character: There is no ¤ in font ptmr7t!
Missing character: There is no × in font ptmr7t!
Missing character: There is no ÷ in font ptmr7t!
Missing character: There is no £ in font ptmr7t!
Missing character: There is no ¬ in font ptmr7t!
Missing character: There is no Ó in font ptmr7t!
Missing character: There is no Ã in font ptmr7t!
Missing character: There is no Á in font ptmr7t!
Missing character: There is no Ë in font ptmr7t!
Missing character: There is no Ê in font ptmr7t!
Missing character: There is no ² in font ptmr7t!
Missing character: There is no Ã in font ptmr7t!
Missing character: There is no ´ in font ptmr7t!
Missing character: There is no · in font ptmr7t!
Missing character: There is no ½ in font ptmr7t!
Missing character: There is no · in font ptmr7t!
Missing character: There is no ¨ in font ptmr7t!
Missing character: There is no Ê in font ptmr7t!
Missing character: There is no ² in font ptmr7t!
Missing character: There is no Ã in font ptmr7t!
Missing character: There is no ´ in font ptmr7t!
Missing character: There is no À in font ptmr7t!
Missing character: There is no í in font ptmr7t!
Missing character: There is no Â in font ptmr7t!
Missing character: There is no Û in font ptmr7t!
Missing character: There is no £ in font ptmr7t!
Missing character: There is no ¬ in font ptmr7t!
Missing character: There is no µ in font ptmr7t!
Missing character: There is no Ã in font ptmr7t!
Missing character: There is no µ in font ptmr7t!
Missing character: There is no ½ in font ptmr7t!
Missing character: There is no Á in font ptmr7t!
Missing character: There is no Ë in font ptmr7t!
Missing character: There is no Ê in font ptmr7t!
Missing character: There is no ² in font ptmr7t!
Missing character: There is no Ã in font ptmr7t!
Missing character: There is no ´ in font ptmr7t!
Missing character: There is no ½ in font ptmr7t!
Missing character: There is no á in font ptmr7t!
Missing character: There is no ¹ in font ptmr7t!
Missing character: There is no û in font ptmr7t!
Missing character: There is no £ in font ptmr7t!
Missing character: There is no ¬ in font ptmr7t!
Missing character: There is no ½ in font ptmr7t!
Missing character: There is no á in font ptmr7t!
Missing character: There is no ¹ in font ptmr7t!
Missing character: There is no û in font ptmr7t!
Missing character: There is no µ in font ptmr7t!
Missing character: There is no Ä in font ptmr7t!
Missing character: There is no Ò in font ptmr7t!
Missing character: There is no â in font ptmr7t!
Missing character: There is no Ò in font ptmr7t!
Missing character: There is no å in font ptmr7t!
Missing character: There is no Ê in font ptmr7t!
Missing character: There is no Ç in font ptmr7t!
Missing character: There is no Ê in font ptmr7t!
Missing character: There is no ² in font ptmr7t!
Missing character: There is no Ã in font ptmr7t!
Missing character: There is no ´ in font ptmr7t!
Missing character: There is no £ in font ptmr7t!
Missing character: There is no ¿ in font ptmr7t!
Missing character: There is no ¡ in font ptmr7t!
Missing character: There is no £ in font ptmr7t!
Missing character: There is no µ in font ptmr7t!
Missing character: There is no Ú in font ptmr7t!
Missing character: There is no Î in font ptmr7t!
Missing character: There is no å in font ptmr7t!
Missing character: There is no ¶ in font ptmr7t!
Missing character: There is no Î in font ptmr7t!
Missing character: There is no £ in font ptmr7t!
Missing character: There is no º in font ptmr7t!
Missing character: There is no Î in font ptmr7t!
Missing character: There is no Ä in font ptmr7t!
Missing character: There is no µ in font ptmr7t!
Missing character: There is no µ in font ptmr7t!
Missing character: There is no ½ in font ptmr7t!
Missing character: There is no á in font ptmr7t!
Missing character: There is no ¹ in font ptmr7t!
Missing character: There is no ¹ in font ptmr7t!
Missing character: There is no Ë in font ptmr7t!
Missing character: There is no µ in font ptmr7t!
Missing character: There is no Ã in font ptmr7t!
Missing character: There is no ÷ in font ptmr7t!
Missing character: There is no Ï in font ptmr7t!
Missing character: There is no Ö in font ptmr7t!
Missing character: There is no Ô in font ptmr7t!
Missing character: There is no Ú in font ptmr7t!
Missing character: There is no Ò in font ptmr7t!
Missing character: There is no ¿ in font ptmr7t!
Missing character: There is no ´ in font ptmr7t!
Missing character: There is no µ in font ptmr7t!
Missing character: There is no Ä in font ptmr7t!
Missing character: There is no £ in font ptmr7t!
Missing character: There is no ¬ in font ptmr7t!
Missing character: There is no ¾ in font ptmr7t!
Missing character: There is no Í in font ptmr7t!
Missing character: There is no Ê in font ptmr7t!
Missing character: There is no Ç in font ptmr7t!
Missing character: There is no Ï in font ptmr7t!
Missing character: There is no µ in font ptmr7t!
Missing character: There is no Í in font ptmr7t!
Missing character: There is no ³ in font ptmr7t!
Missing character: There is no Ä in font ptmr7t!
Missing character: There is no £ in font ptmr7t!
Missing character: There is no Ð in font ptmr7t!
Missing character: There is no Í in font ptmr7t!
Missing character: There is no £ in font ptmr7t!
Missing character: There is no ¬ in font ptmr7t!
Missing character: There is no ´ in font ptmr7t!
Missing character: There is no Ó in font ptmr7t!
Missing character: There is no È in font ptmr7t!
Missing character: There is no Ë in font ptmr7t!
Missing character: There is no ¼ in font ptmr7t!
Missing character: There is no Ò in font ptmr7t!
Missing character: There is no µ in font ptmr7t!
Missing character: There is no Ä in font ptmr7t!
Missing character: There is no Â in font ptmr7t!
Missing character: There is no Û in font ptmr7t!
Missing character: There is no Î in font ptmr7t!
Missing character: There is no Ä in font ptmr7t!
Missing character: There is no Ö in font ptmr7t!
Missing character: There is no Ð in font ptmr7t!
Missing character: There is no £ in font ptmr7t!
Missing character: There is no ¬ in font ptmr7t!
Missing character: There is no ¼ in font ptmr7t!
Missing character: There is no ³ in font ptmr7t!
Missing character: There is no È in font ptmr7t!
Missing character: There is no ¡ in font ptmr7t!
Missing character: There is no Ñ in font ptmr7t!
Missing character: There is no ø in font ptmr7t!
Missing character: There is no · in font ptmr7t!
Missing character: There is no Ö in font ptmr7t!
Missing character: There is no ¡ in font ptmr7t!
Missing character: There is no £ in font ptmr7t!


** Conference Paper **
Before submitting the final camera ready copy, remember to:

 1. Manually equalize the lengths of two columns on the last page
 of your paper;

 2. Ensure that any PostScript and/or PDF output post-processing
 uses only Type 1 fonts and that every step in the generation
 process uses the appropriate paper size.

[1

{C:/CTEX/UserData/pdftex/config/pdftex.map{Unicode.sfd}{UGBK.sfd}}

]
(E:\00-Paper3\paper3\paper3.aux) ) 
Here is how much of TeX's memory you used:
 3683 strings out of 495354
 52344 string characters out of 3183860
 102617 words of memory out of 3000000
 6829 multiletter control sequences out of 15000+200000
 31414 words of font info for 67 fonts, out of 3000000 for 9000
 14 hyphenation exceptions out of 8191
 27i,4n,24p,369b,102s stack positions out of 5000i,500n,10000p,200000b,50000s
{C:/CTEX/MiKTeX/fonts/enc/dvips/fontname/8r.e
nc}<C:/CTEX/MiKTeX/fonts/type1/public/amsfonts/cm/cmmi10.pfb><C:/CTEX/MiKTeX/fo
nts/type1/public/amsfonts/cm/cmmi7.pfb><C:/CTEX/MiKTeX/fonts/type1/public/amsfo
nts/cm/cmr10.pfb><C:/CTEX/MiKTeX/fonts/type1/public/amsfonts/cm/cmr7.pfb><C:/CT
EX/MiKTeX/fonts/type1/public/amsfonts/cm/cmsy10.pfb><C:/CTEX/MiKTeX/fonts/type1
/urw/times/utmb8a.pfb><C:/CTEX/MiKTeX/fonts/type1/urw/times/utmbi8a.pfb><C:/CTE
X/MiKTeX/fonts/type1/urw/times/utmr8a.pfb>
Output written on paper3.pdf (1 page, 81352 bytes).
PDF statistics:
 39 PDF objects out of 1000 (max. 8388607)
 0 named destinations out of 1000 (max. 500000)
 1 words of extra memory for PDF output out of 10000 (max. 10000000)

